Using pre-set license
Built from '2021.3/staging' branch; Version is '2021.3.8f1 (b30333d56e81) revision 11731763'; Using compiler version '192829333'; Build Type 'Release'
OS: 'Windows 10  (10.0.19044) 64bit CoreSingleLanguage' Language: 'tr' Physical Memory: 8079 MB
BatchMode: 1, IsHumanControllingUs: 0, StartBugReporterOnCrash: 0, Is64bit: 1, IsPro: 1

COMMAND LINE ARGUMENTS:
C:\Program Files\Unity\Hub\Editor\2021.3.8f1\Editor\Unity.exe
-adb2
-batchMode
-noUpm
-name
AssetImportWorker0
-projectPath
C:/Users/bunya/OneDrive/Belgeler/GitHub/ImLegends/ImLegendsNew
-logFile
Logs/AssetImportWorker0.log
-srvPort
62798
Successfully changed project path to: C:/Users/bunya/OneDrive/Belgeler/GitHub/ImLegends/ImLegendsNew
C:/Users/bunya/OneDrive/Belgeler/GitHub/ImLegends/ImLegendsNew
[UnityMemory] Configuration Parameters - Can be set up in boot.config
    "memorysetup-bucket-allocator-granularity=16"
    "memorysetup-bucket-allocator-bucket-count=8"
    "memorysetup-bucket-allocator-block-size=33554432"
    "memorysetup-bucket-allocator-block-count=8"
    "memorysetup-main-allocator-block-size=16777216"
    "memorysetup-thread-allocator-block-size=16777216"
    "memorysetup-gfx-main-allocator-block-size=16777216"
    "memorysetup-gfx-thread-allocator-block-size=16777216"
    "memorysetup-cache-allocator-block-size=4194304"
    "memorysetup-typetree-allocator-block-size=2097152"
    "memorysetup-profiler-bucket-allocator-granularity=16"
    "memorysetup-profiler-bucket-allocator-bucket-count=8"
    "memorysetup-profiler-bucket-allocator-block-size=33554432"
    "memorysetup-profiler-bucket-allocator-block-count=8"
    "memorysetup-profiler-allocator-block-size=16777216"
    "memorysetup-profiler-editor-allocator-block-size=1048576"
    "memorysetup-temp-allocator-size-main=16777216"
    "memorysetup-job-temp-allocator-block-size=2097152"
    "memorysetup-job-temp-allocator-block-size-background=1048576"
    "memorysetup-job-temp-allocator-reduction-small-platforms=262144"
    "memorysetup-temp-allocator-size-background-worker=32768"
    "memorysetup-temp-allocator-size-job-worker=262144"
    "memorysetup-temp-allocator-size-preload-manager=33554432"
    "memorysetup-temp-allocator-size-nav-mesh-worker=65536"
    "memorysetup-temp-allocator-size-audio-worker=65536"
    "memorysetup-temp-allocator-size-cloud-worker=32768"
    "memorysetup-temp-allocator-size-gi-baking-worker=262144"
    "memorysetup-temp-allocator-size-gfx=262144"
Refreshing native plugins compatible for Editor in 176.78 ms, found 3 plugins.
Preloading 0 native plugins for Editor in 0.00 ms.
Initialize engine version: 2021.3.8f1 (b30333d56e81)
[Subsystems] Discovering subsystems at path C:/Program Files/Unity/Hub/Editor/2021.3.8f1/Editor/Data/Resources/UnitySubsystems
[Subsystems] Discovering subsystems at path C:/Users/bunya/OneDrive/Belgeler/GitHub/ImLegends/ImLegendsNew/Assets
GfxDevice: creating device client; threaded=0; jobified=0
Direct3D:
    Version:  Direct3D 11.0 [level 11.0]
    Renderer: NVIDIA GeForce GT 650M (ID=0xfd1)
    Vendor:   NVIDIA
    VRAM:     2017 MB
    Driver:   21.21.13.7654
Initialize mono
Mono path[0] = 'C:/Program Files/Unity/Hub/Editor/2021.3.8f1/Editor/Data/Managed'
Mono path[1] = 'C:/Program Files/Unity/Hub/Editor/2021.3.8f1/Editor/Data/MonoBleedingEdge/lib/mono/unityjit-win32'
Mono config path = 'C:/Program Files/Unity/Hub/Editor/2021.3.8f1/Editor/Data/MonoBleedingEdge/etc'
Using monoOptions --debugger-agent=transport=dt_socket,embedding=1,server=y,suspend=n,address=127.0.0.1:56492
Begin MonoManager ReloadAssembly
Registering precompiled unity dll's ...
Register platform support module: C:/Program Files/Unity/Hub/Editor/2021.3.8f1/Editor/Data/PlaybackEngines/WebGLSupport/UnityEditor.WebGL.Extensions.dll
Register platform support module: C:/Program Files/Unity/Hub/Editor/2021.3.8f1/Editor/Data/PlaybackEngines/AndroidPlayer/UnityEditor.Android.Extensions.dll
Register platform support module: C:/Program Files/Unity/Hub/Editor/2021.3.8f1/Editor/Data/PlaybackEngines/iOSSupport/UnityEditor.iOS.Extensions.dll
Register platform support module: C:/Program Files/Unity/Hub/Editor/2021.3.8f1/Editor/Data/PlaybackEngines/WindowsStandaloneSupport/UnityEditor.WindowsStandalone.Extensions.dll
Registered in 0.016963 seconds.
Native extension for WindowsStandalone target not found
[usbmuxd] Start listen thread
[usbmuxd] Listen thread started
Native extension for iOS target not found
Native extension for Android target not found
Native extension for WebGL target not found
Refreshing native plugins compatible for Editor in 195.27 ms, found 3 plugins.
Preloading 0 native plugins for Editor in 0.00 ms.
Mono: successfully reloaded assembly
- Completed reload, in  1.166 seconds
Domain Reload Profiling:
	ReloadAssembly (1167ms)
		BeginReloadAssembly (121ms)
			ExecutionOrderSort (0ms)
			DisableScriptedObjects (0ms)
			BackupInstance (0ms)
			ReleaseScriptingObjects (0ms)
			CreateAndSetChildDomain (1ms)
		EndReloadAssembly (865ms)
			LoadAssemblies (118ms)
			RebuildTransferFunctionScriptingTraits (0ms)
			SetupTypeCache (173ms)
			ReleaseScriptCaches (0ms)
			RebuildScriptCaches (53ms)
			SetupLoadedEditorAssemblies (554ms)
				LogAssemblyErrors (0ms)
				InitializePlatformSupportModulesInManaged (105ms)
				SetLoadedEditorAssemblies (0ms)
				RefreshPlugins (195ms)
				BeforeProcessingInitializeOnLoad (2ms)
				ProcessInitializeOnLoadAttributes (175ms)
				ProcessInitializeOnLoadMethodAttributes (75ms)
				AfterProcessingInitializeOnLoad (0ms)
				EditorAssembliesLoaded (0ms)
			ExecutionOrderSort2 (0ms)
			AwakeInstancesAfterBackupRestoration (0ms)
Platform modules already initialized, skipping
Registering precompiled user dll's ...
Registered in 0.009354 seconds.
Begin MonoManager ReloadAssembly
Symbol file LoadedFromMemory doesn't match image C:\Users\bunya\OneDrive\Belgeler\GitHub\ImLegends\ImLegendsNew\Library\PackageCache\com.unity.visualscripting@1.7.8\Editor\VisualScripting.Core\Dependencies\YamlDotNet\Unity.VisualScripting.YamlDotNet.dll
Symbol file LoadedFromMemory doesn't match image C:\Users\bunya\OneDrive\Belgeler\GitHub\ImLegends\ImLegendsNew\Library\PackageCache\com.unity.visualscripting@1.7.8\Editor\VisualScripting.Core\Dependencies\DotNetZip\Unity.VisualScripting.IonicZip.dll
Native extension for WindowsStandalone target not found
Native extension for iOS target not found
Native extension for Android target not found
Native extension for WebGL target not found
Refreshing native plugins compatible for Editor in 1.45 ms, found 3 plugins.
Preloading 0 native plugins for Editor in 0.00 ms.
Mono: successfully reloaded assembly
- Completed reload, in  1.863 seconds
Domain Reload Profiling:
	ReloadAssembly (1865ms)
		BeginReloadAssembly (298ms)
			ExecutionOrderSort (0ms)
			DisableScriptedObjects (16ms)
			BackupInstance (0ms)
			ReleaseScriptingObjects (0ms)
			CreateAndSetChildDomain (130ms)
		EndReloadAssembly (1390ms)
			LoadAssemblies (134ms)
			RebuildTransferFunctionScriptingTraits (0ms)
			SetupTypeCache (437ms)
			ReleaseScriptCaches (1ms)
			RebuildScriptCaches (100ms)
			SetupLoadedEditorAssemblies (655ms)
				LogAssemblyErrors (0ms)
				InitializePlatformSupportModulesInManaged (42ms)
				SetLoadedEditorAssemblies (1ms)
				RefreshPlugins (2ms)
				BeforeProcessingInitializeOnLoad (161ms)
				ProcessInitializeOnLoadAttributes (385ms)
				ProcessInitializeOnLoadMethodAttributes (51ms)
				AfterProcessingInitializeOnLoad (13ms)
				EditorAssembliesLoaded (0ms)
			ExecutionOrderSort2 (0ms)
			AwakeInstancesAfterBackupRestoration (8ms)
Platform modules already initialized, skipping
========================================================================
Worker process is ready to serve import requests
Launched and connected shader compiler UnityShaderCompiler.exe after 0.06 seconds
Refreshing native plugins compatible for Editor in 1.28 ms, found 3 plugins.
Preloading 0 native plugins for Editor in 0.00 ms.
Unloading 3448 Unused Serialized files (Serialized files now loaded: 0)
Unloading 27 unused Assets / (112.3 KB). Loaded Objects now: 3910.
Memory consumption went from 124.7 MB to 124.6 MB.
Total: 4.480000 ms (FindLiveObjects: 0.340400 ms CreateObjectMapping: 0.169500 ms MarkObjects: 3.790900 ms  DeleteObjects: 0.177600 ms)

AssetImportParameters requested are different than current active one (requested -> active):
  custom:video-decoder-ogg-theora: a1e56fd34408186e4bbccfd4996cb3dc -> 
  custom:container-muxer-webm: aa71ff27fc2769a1b78a27578f13a17b -> 
  custom:container-demuxer-webm: 4f35f7cbe854078d1ac9338744f61a02 -> 
  custom:video-encoder-webm-vp8: eb34c28f22e8b96e1ab97ce403110664 -> 
  custom:audio-encoder-webm-vorbis: bf7c407c2cedff20999df2af8eb42d56 -> 
  custom:framework-win-MediaFoundation: 216162199b28c13a410421893ffa2e32 -> 
  custom:container-demuxer-ogg: 62fdf1f143b41e24485cea50d1cbac27 -> 
  custom:video-decoder-webm-vp8: 9c59270c3fd7afecdb556c50c9e8de78 -> 
  custom:audio-decoder-ogg-vorbis: bf7c407c2cedff20999df2af8eb42d56 -> 
========================================================================
Received Import Request.
  Time since last request: 876292.117618 seconds.
  path: Assets/FBX/kiri86/Numberplates_dif.mat
  artifactKey: Guid(2081f9f65cdf4884faec2caec3e87655) Importer(815301076,1909f56bfc062723c751e8b465ee728b)
Start importing Assets/FBX/kiri86/Numberplates_dif.mat using Guid(2081f9f65cdf4884faec2caec3e87655) Importer(815301076,1909f56bfc062723c751e8b465ee728b)  -> (artifact id: '9339082208dd5479b9133d741f9e2f11') in 0.183438 seconds 
========================================================================
Received Import Request.
  Time since last request: 0.000028 seconds.
  path: Assets/FBX/kiri86/RIMSTOCK_02_1.mat
  artifactKey: Guid(299262ae42ae62d4fbe53403bb46f0b0) Importer(815301076,1909f56bfc062723c751e8b465ee728b)
Start importing Assets/FBX/kiri86/RIMSTOCK_02_1.mat using Guid(299262ae42ae62d4fbe53403bb46f0b0) Importer(815301076,1909f56bfc062723c751e8b465ee728b)  -> (artifact id: '1a4fd14f79b8b39824263f747be87f88') in 0.022841 seconds 
========================================================================
Received Import Request.
  Time since last request: 0.000077 seconds.
  path: Assets/FBX/kiri86/krmlgtbdy85_headlights.mat
  artifactKey: Guid(52aab794a419ab64fbd0fa8f709a10b2) Importer(815301076,1909f56bfc062723c751e8b465ee728b)
Start importing Assets/FBX/kiri86/krmlgtbdy85_headlights.mat using Guid(52aab794a419ab64fbd0fa8f709a10b2) Importer(815301076,1909f56bfc062723c751e8b465ee728b)  -> (artifact id: 'fb49d000d64cae386af4636bc35c18c1') in 0.022506 seconds 
========================================================================
Received Import Request.
  Time since last request: 0.000062 seconds.
  path: Assets/FBX/kiri86/UCB_BOTTOM.mat
  artifactKey: Guid(2b7ae4b56420d5041808a9ddd03685cc) Importer(815301076,1909f56bfc062723c751e8b465ee728b)
Start importing Assets/FBX/kiri86/UCB_BOTTOM.mat using Guid(2b7ae4b56420d5041808a9ddd03685cc) Importer(815301076,1909f56bfc062723c751e8b465ee728b)  -> (artifact id: 'b60104b77f26bbe6df378841cfb6d3f4') in 0.026946 seconds 
========================================================================
Received Import Request.
  Time since last request: 0.000029 seconds.
  path: Assets/FBX/kiri86/GEN4DR_INTERIOR.mat
  artifactKey: Guid(31a7da758c76d074ba5b47d6d1f02aaf) Importer(815301076,1909f56bfc062723c751e8b465ee728b)
Start importing Assets/FBX/kiri86/GEN4DR_INTERIOR.mat using Guid(31a7da758c76d074ba5b47d6d1f02aaf) Importer(815301076,1909f56bfc062723c751e8b465ee728b)  -> (artifact id: '79be3ef892496403b029641a14db8aec') in 0.023500 seconds 
========================================================================
Received Import Request.
  Time since last request: 0.000029 seconds.
  path: Assets/FBX/kiri86/kiri86.prefab
  artifactKey: Guid(225f79378c223ac488f9fa7a2db27fc6) Importer(815301076,1909f56bfc062723c751e8b465ee728b)
Start importing Assets/FBX/kiri86/kiri86.prefab using Guid(225f79378c223ac488f9fa7a2db27fc6) Importer(815301076,1909f56bfc062723c751e8b465ee728b)  -> (artifact id: '64a8d855e83a91d2a5a18b6ede447c51') in 0.212249 seconds 
========================================================================
Received Import Request.
  Time since last request: 0.000035 seconds.
  path: Assets/FBX/kiri86/UCB_GLASS_CLEAN.mat
  artifactKey: Guid(5a91cc8f250068d4098ab5b20ae1d9e8) Importer(815301076,1909f56bfc062723c751e8b465ee728b)
Start importing Assets/FBX/kiri86/UCB_GLASS_CLEAN.mat using Guid(5a91cc8f250068d4098ab5b20ae1d9e8) Importer(815301076,1909f56bfc062723c751e8b465ee728b)  -> (artifact id: 'bf0eacdec8cb8afd46143e84ecca3524') in 0.032695 seconds 
========================================================================
Received Import Request.
  Time since last request: 0.000041 seconds.
  path: Assets/FBX/kiri86/Material #26.mat
  artifactKey: Guid(83ffcd14cd696b24d9e9f13453bd628a) Importer(815301076,1909f56bfc062723c751e8b465ee728b)
Start importing Assets/FBX/kiri86/Material #26.mat using Guid(83ffcd14cd696b24d9e9f13453bd628a) Importer(815301076,1909f56bfc062723c751e8b465ee728b)  -> (artifact id: 'bd1ac3b8caf2919f17b2879fdcdb6e00') in 0.019072 seconds 
========================================================================
Received Import Request.
  Time since last request: 0.000030 seconds.
  path: Assets/FBX/kiri86/Bodycolor.mat
  artifactKey: Guid(ac310441416ab68498e35360564823f1) Importer(815301076,1909f56bfc062723c751e8b465ee728b)
Start importing Assets/FBX/kiri86/Bodycolor.mat using Guid(ac310441416ab68498e35360564823f1) Importer(815301076,1909f56bfc062723c751e8b465ee728b)  -> (artifact id: '95bdda09cfeb6264226d937cfc8a741e') in 0.020974 seconds 
